<?xml version="1.0" encoding="UTF-8"?>
<testng-results ignored="0" total="2" passed="1" failed="1" skipped="0">
  <reporter-output>
    <line>
      <![CDATA[launching browser.....]]>
    </line>
    <line>
      <![CDATA[launching browser.....]]>
    </line>
    <line>
      <![CDATA[TC ValidateUserProfileName is Completed Successfully...]]>
    </line>
    <line>
      <![CDATA[Test case CheckAccBalance Fail please try again...]]>
    </line>
    <line>
      <![CDATA[Closing browser....]]>
    </line>
  </reporter-output>
  <suite started-at="2022-12-22T20:35:00 IST" name="Default suite" finished-at="2022-12-22T20:35:41 IST" duration-ms="40510">
    <groups>
    </groups>
    <test started-at="2022-12-22T20:35:00 IST" name="Default test" finished-at="2022-12-22T20:35:41 IST" duration-ms="40510">
      <class name="TestClass.TC_001">
        <test-method is-config="true" signature="LaunchTheBrowser()[pri:0, instance:TestClass.TC_001@3bcd05cb]" started-at="2022-12-22T20:35:00 IST" name="LaunchTheBrowser" finished-at="2022-12-22T20:35:11 IST" duration-ms="10925" status="PASS">
          <reporter-output>
            <line>
              <![CDATA[launching browser.....]]>
            </line>
            <line>
              <![CDATA[launching browser.....]]>
            </line>
          </reporter-output>
        </test-method> <!-- LaunchTheBrowser -->
        <test-method is-config="true" signature="SignUpUpstox()[pri:0, instance:TestClass.TC_001@3bcd05cb]" started-at="2022-12-22T20:35:11 IST" name="SignUpUpstox" finished-at="2022-12-22T20:35:26 IST" duration-ms="14878" status="PASS">
          <reporter-output>
          </reporter-output>
        </test-method> <!-- SignUpUpstox -->
        <test-method signature="ValidateUserProfileName()[pri:-1, instance:TestClass.TC_001@3bcd05cb]" started-at="2022-12-22T20:35:26 IST" name="ValidateUserProfileName" finished-at="2022-12-22T20:35:26 IST" duration-ms="35" status="PASS">
          <reporter-output>
            <line>
              <![CDATA[TC ValidateUserProfileName is Completed Successfully...]]>
            </line>
          </reporter-output>
        </test-method> <!-- ValidateUserProfileName -->
        <test-method is-config="true" signature="LogOutNeostox()[pri:0, instance:TestClass.TC_001@3bcd05cb]" started-at="2022-12-22T20:35:26 IST" name="LogOutNeostox" finished-at="2022-12-22T20:35:28 IST" duration-ms="2126" status="PASS">
          <reporter-output>
          </reporter-output>
        </test-method> <!-- LogOutNeostox -->
        <test-method is-config="true" signature="SignUpUpstox()[pri:0, instance:TestClass.TC_001@3bcd05cb]" started-at="2022-12-22T20:35:28 IST" name="SignUpUpstox" finished-at="2022-12-22T20:35:36 IST" duration-ms="7987" status="PASS">
          <reporter-output>
          </reporter-output>
        </test-method> <!-- SignUpUpstox -->
        <test-method signature="CheckAccBalance()[pri:0, instance:TestClass.TC_001@3bcd05cb]" started-at="2022-12-22T20:35:36 IST" name="CheckAccBalance" finished-at="2022-12-22T20:35:36 IST" duration-ms="29" status="FAIL">
          <exception class="java.lang.AssertionError">
            <message>
              <![CDATA[TC failed unable to fetch Account Balance expected [null] but found [Rs.5,00,000.00]]]>
            </message>
            <full-stacktrace>
              <![CDATA[java.lang.AssertionError: TC failed unable to fetch Account Balance expected [null] but found [Rs.5,00,000.00]
at org.testng.Assert.fail(Assert.java:99)
at org.testng.Assert.failNotSame(Assert.java:1033)
at org.testng.Assert.assertNull(Assert.java:965)
at TestClass.TC_001.CheckAccBalance(TC_001.java:65)
at java.base/jdk.internal.reflect.NativeMethodAccessorImpl.invoke0(Native Method)
at java.base/jdk.internal.reflect.NativeMethodAccessorImpl.invoke(NativeMethodAccessorImpl.java:62)
at java.base/jdk.internal.reflect.DelegatingMethodAccessorImpl.invoke(DelegatingMethodAccessorImpl.java:43)
at java.base/java.lang.reflect.Method.invoke(Method.java:566)
at org.testng.internal.MethodInvocationHelper.invokeMethod(MethodInvocationHelper.java:133)
at org.testng.internal.TestInvoker.invokeMethod(TestInvoker.java:598)
at org.testng.internal.TestInvoker.invokeTestMethod(TestInvoker.java:173)
at org.testng.internal.MethodRunner.runInSequence(MethodRunner.java:46)
at org.testng.internal.TestInvoker$MethodInvocationAgent.invoke(TestInvoker.java:824)
at org.testng.internal.TestInvoker.invokeTestMethods(TestInvoker.java:146)
at org.testng.internal.TestMethodWorker.invokeTestMethods(TestMethodWorker.java:146)
at org.testng.internal.TestMethodWorker.run(TestMethodWorker.java:128)
at java.base/java.util.ArrayList.forEach(ArrayList.java:1541)
at org.testng.TestRunner.privateRun(TestRunner.java:794)
at org.testng.TestRunner.run(TestRunner.java:596)
at org.testng.SuiteRunner.runTest(SuiteRunner.java:377)
at org.testng.SuiteRunner.runSequentially(SuiteRunner.java:371)
at org.testng.SuiteRunner.privateRun(SuiteRunner.java:332)
at org.testng.SuiteRunner.run(SuiteRunner.java:276)
at org.testng.SuiteRunnerWorker.runSuite(SuiteRunnerWorker.java:53)
at org.testng.SuiteRunnerWorker.run(SuiteRunnerWorker.java:96)
at org.testng.TestNG.runSuitesSequentially(TestNG.java:1212)
at org.testng.TestNG.runSuitesLocally(TestNG.java:1134)
at org.testng.TestNG.runSuites(TestNG.java:1063)
at org.testng.TestNG.run(TestNG.java:1031)
at org.testng.remote.AbstractRemoteTestNG.run(AbstractRemoteTestNG.java:115)
at org.testng.remote.RemoteTestNG.initAndRun(RemoteTestNG.java:251)
at org.testng.remote.RemoteTestNG.main(RemoteTestNG.java:77)
]]>
            </full-stacktrace>
          </exception> <!-- java.lang.AssertionError -->
          <reporter-output>
            <line>
              <![CDATA[Test case CheckAccBalance Fail please try again...]]>
            </line>
          </reporter-output>
        </test-method> <!-- CheckAccBalance -->
        <test-method is-config="true" signature="LogOutNeostox()[pri:0, instance:TestClass.TC_001@3bcd05cb]" started-at="2022-12-22T20:35:37 IST" name="LogOutNeostox" finished-at="2022-12-22T20:35:39 IST" duration-ms="2194" status="PASS">
          <reporter-output>
          </reporter-output>
        </test-method> <!-- LogOutNeostox -->
        <test-method is-config="true" signature="CloseTheBrowser()[pri:0, instance:TestClass.TC_001@3bcd05cb]" started-at="2022-12-22T20:35:39 IST" name="CloseTheBrowser" finished-at="2022-12-22T20:35:41 IST" duration-ms="1476" status="PASS">
          <reporter-output>
            <line>
              <![CDATA[Closing browser....]]>
            </line>
          </reporter-output>
        </test-method> <!-- CloseTheBrowser -->
      </class> <!-- TestClass.TC_001 -->
    </test> <!-- Default test -->
  </suite> <!-- Default suite -->
</testng-results>
